[2024-12-12 21:17:30,514: INFO: main: Welcome to the custom logging data science logger]
[2024-12-14 11:41:27,987: INFO: common: yaml file: config\config.yaml loaded successfully]
[2024-12-14 11:41:27,999: INFO: common: yaml file: params.yaml loaded successfully]
[2024-12-14 11:43:08,045: INFO: common: yaml file: config\config.yaml loaded successfully]
[2024-12-14 11:43:08,057: INFO: common: yaml file: params.yaml loaded successfully]
[2024-12-14 11:43:08,063: INFO: common: yaml file: schema.yaml loaded successfully]
[2024-12-14 11:43:20,190: INFO: common: yaml file: config\config.yaml loaded successfully]
[2024-12-14 11:43:20,194: INFO: common: yaml file: params.yaml loaded successfully]
[2024-12-14 11:43:20,197: INFO: common: yaml file: schema.yaml loaded successfully]
[2024-12-14 11:43:20,203: INFO: common: created directory at: artifacts]
[2024-12-14 11:48:09,825: INFO: common: yaml file: config\config.yaml loaded successfully]
[2024-12-14 11:48:09,828: INFO: common: yaml file: params.yaml loaded successfully]
[2024-12-14 11:48:09,830: INFO: common: yaml file: schema.yaml loaded successfully]
[2024-12-14 11:48:09,835: INFO: common: created directory at: artifacts]
[2024-12-14 11:50:31,673: INFO: common: yaml file: config\config.yaml loaded successfully]
[2024-12-14 11:50:31,676: INFO: common: yaml file: params.yaml loaded successfully]
[2024-12-14 11:50:31,680: INFO: common: yaml file: schema.yaml loaded successfully]
[2024-12-14 11:50:31,683: INFO: common: created directory at: artifacts]
[2024-12-14 11:50:31,686: INFO: common: created directory at: artifacts/data_ingestion]
[2024-12-14 11:50:33,471: INFO: 251335794: artifacts/data_ingestion/data.zip download! with following info: 
Connection: close
Content-Length: 23329
Cache-Control: max-age=300
Content-Security-Policy: default-src 'none'; style-src 'unsafe-inline'; sandbox
Content-Type: application/zip
ETag: "c69888a4ae59bc5a893392785a938ccd4937981c06ba8a9d6a21aa52b4ab5b6e"
Strict-Transport-Security: max-age=31536000
X-Content-Type-Options: nosniff
X-Frame-Options: deny
X-XSS-Protection: 1; mode=block
X-GitHub-Request-Id: 529D:1989DA:4BCEBE:4EE5E3:675D54E6
Accept-Ranges: bytes
Date: Sat, 14 Dec 2024 09:50:30 GMT
Via: 1.1 varnish
X-Served-By: cache-fra-eddf8230131-FRA
X-Cache: MISS
X-Cache-Hits: 0
X-Timer: S1734169831.576266,VS0,VE178
Vary: Authorization,Accept-Encoding,Origin
Access-Control-Allow-Origin: *
Cross-Origin-Resource-Policy: cross-origin
X-Fastly-Request-ID: 98c9a7b660a4955f0ca26fdeba4b61172fc0b770
Expires: Sat, 14 Dec 2024 09:55:30 GMT
Source-Age: 0

]
